{"C:\\Users\\nprasads\\Documents\\Git\\random-quote-machine\\src\\assets\\js\\API.js": {"path":"C:\\Users\\nprasads\\Documents\\Git\\random-quote-machine\\src\\assets\\js\\API.js","statementMap":{"0":{"start":{"line":2,"column":15},"end":{"line":2,"column":151}},"1":{"start":{"line":3,"column":2},"end":{"line":3,"column":91}},"2":{"start":{"line":3,"column":38},"end":{"line":3,"column":53}},"3":{"start":{"line":3,"column":70},"end":{"line":3,"column":90}}},"fnMap":{"0":{"name":"GET","decl":{"start":{"line":1,"column":9},"end":{"line":1,"column":12}},"loc":{"start":{"line":1,"column":16},"end":{"line":4,"column":1}},"line":1},"1":{"name":"(anonymous_1)","decl":{"start":{"line":3,"column":26},"end":{"line":3,"column":27}},"loc":{"start":{"line":3,"column":38},"end":{"line":3,"column":53}},"line":3},"2":{"name":"(anonymous_2)","decl":{"start":{"line":3,"column":61},"end":{"line":3,"column":62}},"loc":{"start":{"line":3,"column":70},"end":{"line":3,"column":90}},"line":3}},"branchMap":{},"s":{"0":2,"1":2,"2":1,"3":1},"f":{"0":2,"1":1,"2":1},"b":{},"_coverageSchema":"1a1c01bbd47fc00a2c39e90264f33305004495a9","hash":"ce44faf0f0e888dd28c0aad0f64100234d429f93"}
,"C:\\Users\\nprasads\\Documents\\Git\\random-quote-machine\\src\\assets\\js\\index.js": {"path":"C:\\Users\\nprasads\\Documents\\Git\\random-quote-machine\\src\\assets\\js\\index.js","statementMap":{"0":{"start":{"line":3,"column":15},"end":{"line":3,"column":48}},"1":{"start":{"line":4,"column":14},"end":{"line":4,"column":46}},"2":{"start":{"line":5,"column":14},"end":{"line":5,"column":52}},"3":{"start":{"line":6,"column":15},"end":{"line":6,"column":54}},"4":{"start":{"line":7,"column":17},"end":{"line":7,"column":99}},"5":{"start":{"line":8,"column":18},"end":{"line":8,"column":110}},"6":{"start":{"line":9,"column":14},"end":{"line":9,"column":56}},"7":{"start":{"line":10,"column":29},"end":{"line":10,"column":69}},"8":{"start":{"line":10,"column":38},"end":{"line":10,"column":69}},"9":{"start":{"line":11,"column":23},"end":{"line":11,"column":104}},"10":{"start":{"line":11,"column":40},"end":{"line":11,"column":104}},"11":{"start":{"line":11,"column":68},"end":{"line":11,"column":103}},"12":{"start":{"line":13,"column":2},"end":{"line":15,"column":4}},"13":{"start":{"line":14,"column":4},"end":{"line":14,"column":39}},"14":{"start":{"line":18,"column":2},"end":{"line":29,"column":3}},"15":{"start":{"line":19,"column":4},"end":{"line":26,"column":6}},"16":{"start":{"line":20,"column":6},"end":{"line":20,"column":21}},"17":{"start":{"line":21,"column":6},"end":{"line":21,"column":35}},"18":{"start":{"line":22,"column":6},"end":{"line":22,"column":116}},"19":{"start":{"line":23,"column":6},"end":{"line":23,"column":114}},"20":{"start":{"line":24,"column":6},"end":{"line":24,"column":210}},"21":{"start":{"line":25,"column":6},"end":{"line":25,"column":242}},"22":{"start":{"line":28,"column":4},"end":{"line":28,"column":22}},"23":{"start":{"line":33,"column":20},"end":{"line":33,"column":45}},"24":{"start":{"line":34,"column":20},"end":{"line":34,"column":43}},"25":{"start":{"line":35,"column":2},"end":{"line":49,"column":3}},"26":{"start":{"line":36,"column":4},"end":{"line":36,"column":33}},"27":{"start":{"line":37,"column":4},"end":{"line":37,"column":21}},"28":{"start":{"line":38,"column":4},"end":{"line":38,"column":22}},"29":{"start":{"line":39,"column":4},"end":{"line":39,"column":33}},"30":{"start":{"line":40,"column":4},"end":{"line":40,"column":134}},"31":{"start":{"line":41,"column":4},"end":{"line":41,"column":104}},"32":{"start":{"line":42,"column":4},"end":{"line":42,"column":213}},"33":{"start":{"line":43,"column":4},"end":{"line":43,"column":250}},"34":{"start":{"line":45,"column":4},"end":{"line":45,"column":22}},"35":{"start":{"line":47,"column":4},"end":{"line":47,"column":27}},"36":{"start":{"line":48,"column":4},"end":{"line":48,"column":27}},"37":{"start":{"line":52,"column":0},"end":{"line":55,"column":2}},"38":{"start":{"line":53,"column":2},"end":{"line":53,"column":11}},"39":{"start":{"line":54,"column":2},"end":{"line":54,"column":80}}},"fnMap":{"0":{"name":"(anonymous_0)","decl":{"start":{"line":10,"column":29},"end":{"line":10,"column":30}},"loc":{"start":{"line":10,"column":38},"end":{"line":10,"column":69}},"line":10},"1":{"name":"(anonymous_1)","decl":{"start":{"line":11,"column":23},"end":{"line":11,"column":24}},"loc":{"start":{"line":11,"column":40},"end":{"line":11,"column":104}},"line":11},"2":{"name":"(anonymous_2)","decl":{"start":{"line":11,"column":57},"end":{"line":11,"column":58}},"loc":{"start":{"line":11,"column":68},"end":{"line":11,"column":103}},"line":11},"3":{"name":"updateElementContent","decl":{"start":{"line":12,"column":9},"end":{"line":12,"column":29}},"loc":{"start":{"line":12,"column":51},"end":{"line":16,"column":1}},"line":12},"4":{"name":"(anonymous_4)","decl":{"start":{"line":13,"column":19},"end":{"line":13,"column":20}},"loc":{"start":{"line":13,"column":39},"end":{"line":15,"column":3}},"line":13},"5":{"name":"getData","decl":{"start":{"line":17,"column":9},"end":{"line":17,"column":16}},"loc":{"start":{"line":17,"column":20},"end":{"line":30,"column":1}},"line":17},"6":{"name":"(anonymous_6)","decl":{"start":{"line":19,"column":15},"end":{"line":19,"column":16}},"loc":{"start":{"line":19,"column":27},"end":{"line":26,"column":5}},"line":19},"7":{"name":"getQuote","decl":{"start":{"line":32,"column":9},"end":{"line":32,"column":17}},"loc":{"start":{"line":32,"column":21},"end":{"line":50,"column":1}},"line":32},"8":{"name":"(anonymous_8)","decl":{"start":{"line":52,"column":44},"end":{"line":52,"column":45}},"loc":{"start":{"line":52,"column":50},"end":{"line":55,"column":1}},"line":52}},"branchMap":{},"s":{"0":1,"1":1,"2":1,"3":1,"4":1,"5":1,"6":1,"7":1,"8":1,"9":1,"10":0,"11":0,"12":0,"13":0,"14":0,"15":0,"16":0,"17":0,"18":0,"19":0,"20":0,"21":0,"22":0,"23":0,"24":0,"25":0,"26":0,"27":0,"28":0,"29":0,"30":0,"31":0,"32":0,"33":0,"34":0,"35":0,"36":0,"37":1,"38":0,"39":0},"f":{"0":1,"1":0,"2":0,"3":0,"4":0,"5":0,"6":0,"7":0,"8":0},"b":{},"_coverageSchema":"1a1c01bbd47fc00a2c39e90264f33305004495a9","hash":"245ccb5a6f878aaf86669e4e6bc0cbaef0816c7e"}
,"C:\\Users\\nprasads\\Documents\\Git\\random-quote-machine\\src\\assets\\js\\play.js": {"path":"C:\\Users\\nprasads\\Documents\\Git\\random-quote-machine\\src\\assets\\js\\play.js","statementMap":{"0":{"start":{"line":2,"column":12},"end":{"line":2,"column":13}},"1":{"start":{"line":3,"column":2},"end":{"line":5,"column":4}},"2":{"start":{"line":4,"column":4},"end":{"line":4,"column":14}},"3":{"start":{"line":6,"column":2},"end":{"line":6,"column":12}}},"fnMap":{"0":{"name":"Add","decl":{"start":{"line":1,"column":9},"end":{"line":1,"column":12}},"loc":{"start":{"line":1,"column":23},"end":{"line":7,"column":1}},"line":1},"1":{"name":"(anonymous_1)","decl":{"start":{"line":3,"column":15},"end":{"line":3,"column":16}},"loc":{"start":{"line":3,"column":22},"end":{"line":5,"column":3}},"line":3}},"branchMap":{},"s":{"0":1,"1":1,"2":2,"3":1},"f":{"0":1,"1":2},"b":{},"_coverageSchema":"1a1c01bbd47fc00a2c39e90264f33305004495a9","hash":"4453bda50e6b6f9bf953fdaae4e4a95968f6c793"}
}
